<?xml version="1.0" encoding="UTF-8"?>
<testng-results ignored="0" total="1" passed="1" failed="0" skipped="0">
  <reporter-output>
  </reporter-output>
  <suite started-at="2022-03-23T09:06:16 EDT" name="Default suite" finished-at="2022-03-23T09:06:33 EDT" duration-ms="16841">
    <groups>
    </groups>
    <test started-at="2022-03-23T09:06:16 EDT" name="Default test" finished-at="2022-03-23T09:06:33 EDT" duration-ms="16841">
      <class name="com.page.object.pages.RRS_Labs_Main_Page">
        <test-method is-config="true" signature="setUp()[pri:0, instance:com.page.object.pages.RRS_Labs_Main_Page@49e53c76]" started-at="2022-03-23T09:06:16 EDT" name="setUp" finished-at="2022-03-23T09:06:21 EDT" duration-ms="4718" status="PASS">
          <reporter-output>
          </reporter-output>
        </test-method> <!-- setUp -->
        <test-method signature="nvgtRTS()[pri:0, instance:com.page.object.pages.RRS_Labs_Main_Page@49e53c76]" started-at="2022-03-23T09:06:21 EDT" name="nvgtRTS" finished-at="2022-03-23T09:06:25 EDT" duration-ms="4303" status="PASS">
          <reporter-output>
          </reporter-output>
        </test-method> <!-- nvgtRTS -->
        <test-method is-config="true" signature="tearDown()[pri:0, instance:com.page.object.pages.RRS_Labs_Main_Page@49e53c76]" started-at="2022-03-23T09:06:25 EDT" name="tearDown" finished-at="2022-03-23T09:06:32 EDT" duration-ms="7186" status="PASS">
          <reporter-output>
          </reporter-output>
        </test-method> <!-- tearDown -->
        <test-method is-config="true" signature="cleanUpAfterAllTestMethods()[pri:0, instance:com.page.object.pages.RRS_Labs_Main_Page@49e53c76]" started-at="2022-03-23T09:06:32 EDT" name="cleanUpAfterAllTestMethods" finished-at="2022-03-23T09:06:33 EDT" duration-ms="600" status="PASS">
          <reporter-output>
          </reporter-output>
        </test-method> <!-- cleanUpAfterAllTestMethods -->
      </class> <!-- com.page.object.pages.RRS_Labs_Main_Page -->
    </test> <!-- Default test -->
  </suite> <!-- Default suite -->
</testng-results>
